[debug] [2021-04-27T15:07:01.593Z] ----------------------------------------------------------------------
[debug] [2021-04-27T15:07:01.596Z] Command:       D:\Addition Program\NodeJs\node.exe C:\Users\Aegis\AppData\Roaming\npm\node_modules\firebase-tools\lib\bin\firebase.js serve
[debug] [2021-04-27T15:07:01.596Z] CLI Version:   9.10.0
[debug] [2021-04-27T15:07:01.596Z] Platform:      win32
[debug] [2021-04-27T15:07:01.596Z] Node Version:  v14.15.4
[debug] [2021-04-27T15:07:01.598Z] Time:          Tue Apr 27 2021 22:07:01 GMT+0700 (Waktu Indonesia Barat)
[debug] [2021-04-27T15:07:01.599Z] ----------------------------------------------------------------------
[debug] 
[debug] [2021-04-27T15:07:01.615Z] > command requires scopes: ["email","openid","https://www.googleapis.com/auth/cloudplatformprojects.readonly","https://www.googleapis.com/auth/firebase","https://www.googleapis.com/auth/cloud-platform"]
[debug] [2021-04-27T15:07:01.616Z] > authorizing via signed-in user (agsalfairrohmad99@gmail.com)
[debug] [2021-04-27T15:07:01.617Z] [iam] checking project fir-login-f9fc3 for permissions ["firebase.projects.get"]
[debug] [2021-04-27T15:07:01.621Z] >>> HTTP REQUEST POST https://cloudresourcemanager.googleapis.com/v1/projects/fir-login-f9fc3:testIamPermissions  
 {"permissions":["firebase.projects.get"]}
[debug] [2021-04-27T15:07:02.717Z] <<< HTTP RESPONSE 200 {"content-type":"application/json; charset=UTF-8","vary":"X-Origin, Referer, Origin,Accept-Encoding","date":"Tue, 27 Apr 2021 15:07:02 GMT","server":"ESF","cache-control":"private","x-xss-protection":"0","x-frame-options":"SAMEORIGIN","x-content-type-options":"nosniff","server-timing":"gfet4t7; dur=929","alt-svc":"h3-29=\":443\"; ma=2592000,h3-T051=\":443\"; ma=2592000,h3-Q050=\":443\"; ma=2592000,h3-Q046=\":443\"; ma=2592000,h3-Q043=\":443\"; ma=2592000,quic=\":443\"; ma=2592000; v=\"46,43\"","accept-ranges":"none","transfer-encoding":"chunked"}
[debug] [2021-04-27T15:07:02.720Z] > refreshing access token with scopes: []
[debug] [2021-04-27T15:07:02.721Z] >>> HTTP REQUEST POST https://www.googleapis.com/oauth2/v3/token  
 <request body omitted>
[debug] [2021-04-27T15:07:02.903Z] <<< HTTP RESPONSE 200 {"date":"Tue, 27 Apr 2021 15:07:02 GMT","pragma":"no-cache","expires":"Mon, 01 Jan 1990 00:00:00 GMT","cache-control":"no-cache, no-store, max-age=0, must-revalidate","content-type":"application/json; charset=utf-8","vary":"X-Origin, Referer, Origin,Accept-Encoding","server":"scaffolding on HTTPServer2","x-xss-protection":"0","x-frame-options":"SAMEORIGIN","x-content-type-options":"nosniff","alt-svc":"h3-29=\":443\"; ma=2592000,h3-T051=\":443\"; ma=2592000,h3-Q050=\":443\"; ma=2592000,h3-Q046=\":443\"; ma=2592000,h3-Q043=\":443\"; ma=2592000,quic=\":443\"; ma=2592000; v=\"46,43\"","accept-ranges":"none","transfer-encoding":"chunked"}
[debug] [2021-04-27T15:07:02.937Z] >>> [apiv2][query] GET https://firebase.googleapis.com/v1beta1/projects/fir-login-f9fc3 [none]
[debug] [2021-04-27T15:07:03.387Z] <<< [apiv2][status] GET https://firebase.googleapis.com/v1beta1/projects/fir-login-f9fc3 200
[debug] [2021-04-27T15:07:03.387Z] <<< [apiv2][body] GET https://firebase.googleapis.com/v1beta1/projects/fir-login-f9fc3 {"projectId":"fir-login-f9fc3","projectNumber":"380120111691","displayName":"firebaseLogin","name":"projects/fir-login-f9fc3","resources":{"hostingSite":"fir-login-f9fc3","realtimeDatabaseInstance":"fir-login-f9fc3-default-rtdb","storageBucket":"fir-login-f9fc3.appspot.com","locationId":"us-central"},"state":"ACTIVE"}
[info] 
[info] === Serving from 'A:\Agsal\Belajar\Semester 6\Pemrograman Berbasis Frameworkk\Pemrograman_Framework\frbase-login'...
[info] 
[debug] [2021-04-27T15:07:03.390Z] >>> [apiv2][query] GET https://firebase.googleapis.com/v1beta1/projects/fir-login-f9fc3/webApps/-/config [none]
[debug] [2021-04-27T15:07:04.426Z] <<< [apiv2][status] GET https://firebase.googleapis.com/v1beta1/projects/fir-login-f9fc3/webApps/-/config 200
[debug] [2021-04-27T15:07:04.427Z] <<< [apiv2][body] GET https://firebase.googleapis.com/v1beta1/projects/fir-login-f9fc3/webApps/-/config {"projectId":"fir-login-f9fc3","databaseURL":"https://fir-login-f9fc3-default-rtdb.firebaseio.com","storageBucket":"fir-login-f9fc3.appspot.com","locationId":"us-central","apiKey":"AIzaSyBzUHwkXhcX2dokj2lwFKhJ47nIVp3tA60","authDomain":"fir-login-f9fc3.firebaseapp.com","messagingSenderId":"380120111691"}
[info] i  hosting: Serving hosting files from: public {"metadata":{"emulator":{"name":"hosting"},"message":"Serving hosting files from: \u001b[1mpublic\u001b[22m"}}
[info] +  hosting: Local server: http://localhost:5000 {"metadata":{"emulator":{"name":"hosting"},"message":"Local server: \u001b[4m\u001b[1mhttp://localhost:5000\u001b[22m\u001b[24m"}}
